<?xml version="1.0" encoding="UTF-8" ?>
<testsuite tests="9" failures="0" name="io.CSVReaderTest" time="0.005" errors="0" skipped="0">
  <properties>
    <property name="java.runtime.name" value="Java(TM) SE Runtime Environment"/>
    <property name="sun.boot.library.path" value="C:\eclipsePosteDev\jre\jre\bin"/>
    <property name="java.vm.version" value="25.11-b03"/>
    <property name="java.vm.vendor" value="Oracle Corporation"/>
    <property name="maven.multiModuleProjectDirectory" value="C:\Donnees\Perso\projet\budget\eBudget"/>
    <property name="java.vendor.url" value="http://java.oracle.com/"/>
    <property name="path.separator" value=";"/>
    <property name="guice.disable.misplaced.annotation.check" value="true"/>
    <property name="java.vm.name" value="Java HotSpot(TM) 64-Bit Server VM"/>
    <property name="file.encoding.pkg" value="sun.io"/>
    <property name="user.script" value=""/>
    <property name="user.country" value="FR"/>
    <property name="sun.java.launcher" value="SUN_STANDARD"/>
    <property name="sun.os.patch.level" value=""/>
    <property name="java.vm.specification.name" value="Java Virtual Machine Specification"/>
    <property name="user.dir" value="C:\Donnees\Perso\projet\budget\eBudget"/>
    <property name="java.runtime.version" value="1.8.0_11-b12"/>
    <property name="java.awt.graphicsenv" value="sun.awt.Win32GraphicsEnvironment"/>
    <property name="java.endorsed.dirs" value="C:\eclipsePosteDev\jre\jre\lib\endorsed"/>
    <property name="os.arch" value="amd64"/>
    <property name="java.io.tmpdir" value="C:\Users\ffazer\AppData\Local\Temp\"/>
    <property name="line.separator" value="
"/>
    <property name="java.vm.specification.vendor" value="Oracle Corporation"/>
    <property name="user.variant" value=""/>
    <property name="os.name" value="Windows 8.1"/>
    <property name="classworlds.conf" value="C:\Donnees\Perso\projet\budget\.metadata\.plugins\org.eclipse.m2e.launching\launches\m2conf4002285850707387849.tmp"/>
    <property name="sun.jnu.encoding" value="Cp1252"/>
    <property name="java.library.path" value="C:\eclipsePosteDev\jre\bin;C:\WINDOWS\Sun\Java\bin;C:\WINDOWS\system32;C:\WINDOWS;C:/eclipsePosteDev/jre/bin/../jre/bin/server;C:/eclipsePosteDev/jre/bin/../jre/bin;C:/eclipsePosteDev/jre/bin/../jre/lib/amd64;C:\WINDOWS\system32;C:\WINDOWS;C:\WINDOWS\System32\Wbem;C:\WINDOWS\System32\WindowsPowerShell\v1.0\;C:\WINDOWS\System32\OpenSSH\;C:\Program Files\PuTTY\;C:\eclipsePosteDev\outils\jdk1.8.0_11\bin;C:\eclipsePosteDev\outils\apache-maven-3.2.2\bin;C:\Program Files\nodejs\;C:\Program Files\nodejs;C:\Users\ffazer\bin\Sencha\Cmd;C:\Users\ffazer\AppData\Local\Microsoft\WindowsApps;C:\Users\ffazer\AppData\Roaming\npm;C:\Users\ffazer\AppData\Local\Programs\Git\cmd;C:\eclipsePosteDev;;."/>
    <property name="java.specification.name" value="Java Platform API Specification"/>
    <property name="java.class.version" value="52.0"/>
    <property name="sun.management.compiler" value="HotSpot 64-Bit Tiered Compilers"/>
    <property name="os.version" value="6.3"/>
    <property name="user.home" value="C:\Users\ffazer"/>
    <property name="user.timezone" value="Europe/Paris"/>
    <property name="java.awt.printerjob" value="sun.awt.windows.WPrinterJob"/>
    <property name="java.specification.version" value="1.8"/>
    <property name="file.encoding" value="Cp1252"/>
    <property name="user.name" value="ffazer"/>
    <property name="java.class.path" value="/C:/eclipsePosteDev/plugins/org.eclipse.m2e.maven.runtime_1.8.0.20170516-2042/jars/plexus-classworlds-2.5.2.jar"/>
    <property name="java.vm.specification.version" value="1.8"/>
    <property name="sun.arch.data.model" value="64"/>
    <property name="java.home" value="C:\eclipsePosteDev\jre\jre"/>
    <property name="sun.java.command" value="org.codehaus.plexus.classworlds.launcher.Launcher -B install"/>
    <property name="java.specification.vendor" value="Oracle Corporation"/>
    <property name="user.language" value="fr"/>
    <property name="awt.toolkit" value="sun.awt.windows.WToolkit"/>
    <property name="java.vm.info" value="mixed mode"/>
    <property name="java.version" value="1.8.0_11"/>
    <property name="java.ext.dirs" value="C:\eclipsePosteDev\jre\jre\lib\ext;C:\WINDOWS\Sun\Java\lib\ext"/>
    <property name="sun.boot.class.path" value="C:\eclipsePosteDev\jre\jre\lib\resources.jar;C:\eclipsePosteDev\jre\jre\lib\rt.jar;C:\eclipsePosteDev\jre\jre\lib\sunrsasign.jar;C:\eclipsePosteDev\jre\jre\lib\jsse.jar;C:\eclipsePosteDev\jre\jre\lib\jce.jar;C:\eclipsePosteDev\jre\jre\lib\charsets.jar;C:\eclipsePosteDev\jre\jre\lib\jfr.jar;C:\eclipsePosteDev\jre\jre\classes"/>
    <property name="java.vendor" value="Oracle Corporation"/>
    <property name="maven.home" value="C:\Donnees\Perso\projet\budget\eBudget\EMBEDDED"/>
    <property name="file.separator" value="\"/>
    <property name="java.vendor.url.bug" value="http://bugreport.sun.com/bugreport/"/>
    <property name="sun.cpu.endian" value="little"/>
    <property name="sun.io.unicode.encoding" value="UnicodeLittle"/>
    <property name="sun.desktop" value="windows"/>
    <property name="sun.cpu.isalist" value="amd64"/>
  </properties>
  <testcase classname="io.CSVReaderTest" name="testNoFileToRead" time="0"/>
  <testcase classname="io.CSVReaderTest" name="testverifyFileIsDirectory" time="0"/>
  <testcase classname="io.CSVReaderTest" name="testverifyFileCsv" time="0"/>
  <testcase classname="io.CSVReaderTest" name="testReadFileWithAmountEroorCsv" time="0.003"/>
  <testcase classname="io.CSVReaderTest" name="testverifyFileMultipleExtensionKO" time="0"/>
  <testcase classname="io.CSVReaderTest" name="testReadFileCsvWithoutGoodSeparator" time="0.001"/>
  <testcase classname="io.CSVReaderTest" name="testverifyFileNoFileKO" time="0"/>
  <testcase classname="io.CSVReaderTest" name="testverifyFileFileExtensionKO" time="0"/>
  <testcase classname="io.CSVReaderTest" name="testReadFileCsv" time="0.001"/>
</testsuite>